08/May/2022:12:20:17 +0530 [http-nio-8090-exec-2] INFO  org.apache.catalina.core.ContainerBase.[Tomcat].[localhost].[/] - Initializing Spring DispatcherServlet 'dispatcherServlet'
08/May/2022:12:20:17 +0530 [http-nio-8090-exec-2] INFO  org.springframework.web.servlet.DispatcherServlet - Initializing Servlet 'dispatcherServlet'
08/May/2022:12:20:17 +0530 [http-nio-8090-exec-2] INFO  org.springframework.web.servlet.DispatcherServlet - Completed initialization in 1 ms
08/May/2022:12:20:17 +0530 [http-nio-8090-exec-1] INFO  com.example.gamerbackend.Controller.GameController - [GETTING GAME DETAILS OF GAME WITH STEAM ID 1312510 WITH RESPONSE CODE200 OK
08/May/2022:12:20:18 +0530 [http-nio-8090-exec-2] INFO  com.example.gamerbackend.Controller.GameController - [GETTING ALL GAMES WITH RESPONSE CODE 200 OK]
08/May/2022:12:20:19 +0530 [http-nio-8090-exec-4] INFO  com.example.gamerbackend.Controller.GameController - [GETTING GAME DETAILS OF GAME WITH STEAM ID 1519900 WITH RESPONSE CODE200 OK
08/May/2022:12:20:19 +0530 [http-nio-8090-exec-6] INFO  com.example.gamerbackend.Controller.GameController - [GETTING GAME DETAILS OF GAME WITH STEAM ID 1944730 WITH RESPONSE CODE200 OK
08/May/2022:12:20:19 +0530 [http-nio-8090-exec-8] INFO  com.example.gamerbackend.Controller.GameController - [GETTING GAME DETAILS OF GAME WITH STEAM ID 1285340 WITH RESPONSE CODE200 OK
08/May/2022:12:20:20 +0530 [http-nio-8090-exec-10] INFO  com.example.gamerbackend.Controller.GameController - [GETTING GAME DETAILS OF GAME WITH STEAM ID 1163090 WITH RESPONSE CODE200 OK
08/May/2022:12:20:20 +0530 [http-nio-8090-exec-1] INFO  com.example.gamerbackend.Controller.CommentsController - [NO COMMENTS FOUND FOR GAME WITH 1312510 404 NOT_FOUND ]
08/May/2022:12:21:09 +0530 [http-nio-8090-exec-2] INFO  com.example.gamerbackend.Controller.GameController - [GETTING GAME DETAILS OF GAME WITH STEAM ID 1312510 WITH RESPONSE CODE200 OK
08/May/2022:12:21:09 +0530 [http-nio-8090-exec-3] INFO  com.example.gamerbackend.Controller.GameController - [GETTING ALL GAMES WITH RESPONSE CODE 200 OK]
08/May/2022:12:21:10 +0530 [http-nio-8090-exec-5] INFO  com.example.gamerbackend.Controller.GameController - [GETTING GAME DETAILS OF GAME WITH STEAM ID 638760 WITH RESPONSE CODE200 OK
08/May/2022:12:21:10 +0530 [http-nio-8090-exec-7] INFO  com.example.gamerbackend.Controller.GameController - [GETTING GAME DETAILS OF GAME WITH STEAM ID 1346490 WITH RESPONSE CODE200 OK
08/May/2022:12:21:11 +0530 [http-nio-8090-exec-9] INFO  com.example.gamerbackend.Controller.GameController - [GETTING GAME DETAILS OF GAME WITH STEAM ID 1704046 WITH RESPONSE CODE200 OK
08/May/2022:12:21:11 +0530 [http-nio-8090-exec-10] INFO  com.example.gamerbackend.Controller.CommentsController - [NO COMMENTS FOUND FOR GAME WITH 1312510 404 NOT_FOUND ]
08/May/2022:12:21:25 +0530 [SpringApplicationShutdownHook] INFO  org.springframework.orm.jpa.LocalContainerEntityManagerFactoryBean - Closing JPA EntityManagerFactory for persistence unit 'default'
08/May/2022:12:21:25 +0530 [SpringApplicationShutdownHook] INFO  com.zaxxer.hikari.HikariDataSource - HikariPool-1 - Shutdown initiated...
08/May/2022:12:21:25 +0530 [SpringApplicationShutdownHook] INFO  com.zaxxer.hikari.HikariDataSource - HikariPool-1 - Shutdown completed.
08/May/2022:12:21:29 +0530 [restartedMain] INFO  com.example.gamerbackend.GamerBackendApplication - Starting GamerBackendApplication using Java 17.0.2 on Kaushik with PID 4024 (C:\Users\Kaushik\IdeaProjects\GamerBackend\target\classes started by Kaushik in C:\Users\Kaushik\IdeaProjects\GamerBackend)
08/May/2022:12:21:29 +0530 [restartedMain] INFO  com.example.gamerbackend.GamerBackendApplication - No active profile set, falling back to 1 default profile: "default"
08/May/2022:12:21:29 +0530 [restartedMain] INFO  org.springframework.boot.devtools.env.DevToolsPropertyDefaultsPostProcessor - Devtools property defaults active! Set 'spring.devtools.add-properties' to 'false' to disable
08/May/2022:12:21:29 +0530 [restartedMain] INFO  org.springframework.boot.devtools.env.DevToolsPropertyDefaultsPostProcessor - For additional web related logging consider setting the 'logging.level.web' property to 'DEBUG'
08/May/2022:12:21:30 +0530 [restartedMain] INFO  org.springframework.data.repository.config.RepositoryConfigurationDelegate - Bootstrapping Spring Data JPA repositories in DEFAULT mode.
08/May/2022:12:21:30 +0530 [restartedMain] INFO  org.springframework.data.repository.config.RepositoryConfigurationDelegate - Finished Spring Data repository scanning in 42 ms. Found 4 JPA repository interfaces.
08/May/2022:12:21:30 +0530 [restartedMain] INFO  org.springframework.boot.web.embedded.tomcat.TomcatWebServer - Tomcat initialized with port(s): 8090 (http)
08/May/2022:12:21:30 +0530 [restartedMain] INFO  org.apache.coyote.http11.Http11NioProtocol - Initializing ProtocolHandler ["http-nio-8090"]
08/May/2022:12:21:30 +0530 [restartedMain] INFO  org.apache.catalina.core.StandardService - Starting service [Tomcat]
08/May/2022:12:21:30 +0530 [restartedMain] INFO  org.apache.catalina.core.StandardEngine - Starting Servlet engine: [Apache Tomcat/9.0.60]
08/May/2022:12:21:30 +0530 [restartedMain] INFO  org.apache.catalina.core.ContainerBase.[Tomcat].[localhost].[/] - Initializing Spring embedded WebApplicationContext
08/May/2022:12:21:30 +0530 [restartedMain] INFO  org.springframework.boot.web.servlet.context.ServletWebServerApplicationContext - Root WebApplicationContext: initialization completed in 901 ms
08/May/2022:12:21:30 +0530 [restartedMain] INFO  org.hibernate.jpa.internal.util.LogHelper - HHH000204: Processing PersistenceUnitInfo [name: default]
08/May/2022:12:21:30 +0530 [restartedMain] INFO  org.hibernate.Version - HHH000412: Hibernate ORM core version 5.6.7.Final
08/May/2022:12:21:30 +0530 [restartedMain] INFO  org.hibernate.annotations.common.Version - HCANN000001: Hibernate Commons Annotations {5.1.2.Final}
08/May/2022:12:21:30 +0530 [restartedMain] INFO  com.zaxxer.hikari.HikariDataSource - HikariPool-1 - Starting...
08/May/2022:12:21:30 +0530 [restartedMain] WARN  com.zaxxer.hikari.util.DriverDataSource - Registered driver with driverClassName=com.mysql.jdbc.Driver was not found, trying direct instantiation.
08/May/2022:12:21:31 +0530 [restartedMain] INFO  com.zaxxer.hikari.HikariDataSource - HikariPool-1 - Start completed.
08/May/2022:12:21:31 +0530 [restartedMain] INFO  org.hibernate.dialect.Dialect - HHH000400: Using dialect: org.hibernate.dialect.MySQL8Dialect
08/May/2022:12:21:31 +0530 [restartedMain] INFO  org.hibernate.engine.transaction.jta.platform.internal.JtaPlatformInitiator - HHH000490: Using JtaPlatform implementation: [org.hibernate.engine.transaction.jta.platform.internal.NoJtaPlatform]
08/May/2022:12:21:31 +0530 [restartedMain] INFO  org.springframework.orm.jpa.LocalContainerEntityManagerFactoryBean - Initialized JPA EntityManagerFactory for persistence unit 'default'
08/May/2022:12:21:31 +0530 [restartedMain] WARN  org.springframework.boot.autoconfigure.orm.jpa.JpaBaseConfiguration$JpaWebConfiguration - spring.jpa.open-in-view is enabled by default. Therefore, database queries may be performed during view rendering. Explicitly configure spring.jpa.open-in-view to disable this warning
08/May/2022:12:21:31 +0530 [restartedMain] INFO  org.springframework.security.web.DefaultSecurityFilterChain - Will not secure any request
08/May/2022:12:21:32 +0530 [restartedMain] INFO  org.springframework.boot.devtools.autoconfigure.OptionalLiveReloadServer - LiveReload server is running on port 35729
08/May/2022:12:21:32 +0530 [restartedMain] INFO  org.apache.coyote.http11.Http11NioProtocol - Starting ProtocolHandler ["http-nio-8090"]
08/May/2022:12:21:32 +0530 [restartedMain] INFO  org.springframework.boot.web.embedded.tomcat.TomcatWebServer - Tomcat started on port(s): 8090 (http) with context path ''
08/May/2022:12:21:32 +0530 [restartedMain] INFO  com.example.gamerbackend.GamerBackendApplication - Started GamerBackendApplication in 2.672 seconds (JVM running for 3.457)
08/May/2022:12:21:37 +0530 [http-nio-8090-exec-2] INFO  org.apache.catalina.core.ContainerBase.[Tomcat].[localhost].[/] - Initializing Spring DispatcherServlet 'dispatcherServlet'
08/May/2022:12:21:37 +0530 [http-nio-8090-exec-2] INFO  org.springframework.web.servlet.DispatcherServlet - Initializing Servlet 'dispatcherServlet'
08/May/2022:12:21:37 +0530 [http-nio-8090-exec-2] INFO  org.springframework.web.servlet.DispatcherServlet - Completed initialization in 0 ms
08/May/2022:12:21:37 +0530 [http-nio-8090-exec-1] INFO  com.example.gamerbackend.Controller.GameController - [GETTING GAME DETAILS OF GAME WITH STEAM ID 1312510 WITH RESPONSE CODE 200 OK
08/May/2022:12:21:37 +0530 [http-nio-8090-exec-2] INFO  com.example.gamerbackend.Controller.GameController - [GETTING ALL GAMES WITH RESPONSE CODE 200 OK]
08/May/2022:12:21:38 +0530 [http-nio-8090-exec-4] INFO  com.example.gamerbackend.Controller.GameController - [GETTING GAME DETAILS OF GAME WITH STEAM ID 1228580 WITH RESPONSE CODE 200 OK
08/May/2022:12:21:38 +0530 [http-nio-8090-exec-6] INFO  com.example.gamerbackend.Controller.GameController - [GETTING GAME DETAILS OF GAME WITH STEAM ID 588600 WITH RESPONSE CODE 200 OK
08/May/2022:12:21:39 +0530 [http-nio-8090-exec-8] INFO  com.example.gamerbackend.Controller.GameController - [GETTING GAME DETAILS OF GAME WITH STEAM ID 1713470 WITH RESPONSE CODE 200 OK
08/May/2022:12:21:39 +0530 [http-nio-8090-exec-9] INFO  com.example.gamerbackend.Controller.CommentsController - [NO COMMENTS FOUND FOR GAME WITH 1312510 404 NOT_FOUND ]
